[0905/214832.364:ERROR:child_thread_impl.cc(762)] Request for unknown Channel-associated interface: ui::mojom::GpuMain
[0905/215135.515:ERROR:child_thread_impl.cc(762)] Request for unknown Channel-associated interface: ui::mojom::GpuMain
[0905/215202.412:WARNING:quota_manager.cc(1833)] Create directory failed for path
[0905/215202.414:WARNING:quota_manager.cc(1833)] Create directory failed for path
[0905/221958.630:ERROR:child_thread_impl.cc(762)] Request for unknown Channel-associated interface: ui::mojom::GpuMain
[0905/222148.370:ERROR:child_thread_impl.cc(762)] Request for unknown Channel-associated interface: ui::mojom::GpuMain
[0905/222257.359:ERROR:child_thread_impl.cc(762)] Request for unknown Channel-associated interface: ui::mojom::GpuMain
[0905/222302.980:WARNING:spdy_session.cc(2276)] Received HEADERS for invalid stream 1
[0905/222323.782:ERROR:child_thread_impl.cc(762)] Request for unknown Channel-associated interface: ui::mojom::GpuMain
[0905/222547.143:ERROR:child_thread_impl.cc(762)] Request for unknown Channel-associated interface: ui::mojom::GpuMain
[0905/222602.998:WARNING:spdy_session.cc(2276)] Received HEADERS for invalid stream 9
[0905/222603.107:WARNING:spdy_session.cc(2276)] Received HEADERS for invalid stream 11
[0905/222620.630:WARNING:quota_manager.cc(1833)] Create directory failed for path
[0905/222620.631:WARNING:quota_manager.cc(1833)] Create directory failed for path
[0905/223057.306:ERROR:child_thread_impl.cc(762)] Request for unknown Channel-associated interface: ui::mojom::GpuMain
[0905/223206.834:ERROR:child_thread_impl.cc(762)] Request for unknown Channel-associated interface: ui::mojom::GpuMain
[0905/223340.868:ERROR:child_thread_impl.cc(762)] Request for unknown Channel-associated interface: ui::mojom::GpuMain
[0905/223433.462:ERROR:child_thread_impl.cc(762)] Request for unknown Channel-associated interface: ui::mojom::GpuMain
[0905/223442.349:ERROR:broker_win.cc(59)] Error reading broker pipe: The pipe has been ended. (0x6D)
[0905/223604.399:ERROR:child_thread_impl.cc(762)] Request for unknown Channel-associated interface: ui::mojom::GpuMain
[0905/223709.259:ERROR:child_thread_impl.cc(762)] Request for unknown Channel-associated interface: ui::mojom::GpuMain
[0905/223810.444:ERROR:child_thread_impl.cc(762)] Request for unknown Channel-associated interface: ui::mojom::GpuMain
[0905/223913.219:ERROR:child_thread_impl.cc(762)] Request for unknown Channel-associated interface: ui::mojom::GpuMain
[0905/224006.492:ERROR:child_thread_impl.cc(762)] Request for unknown Channel-associated interface: ui::mojom::GpuMain
[0905/224124.510:ERROR:child_thread_impl.cc(762)] Request for unknown Channel-associated interface: ui::mojom::GpuMain
[0905/224217.342:ERROR:child_thread_impl.cc(762)] Request for unknown Channel-associated interface: ui::mojom::GpuMain
[0905/224549.179:ERROR:child_thread_impl.cc(762)] Request for unknown Channel-associated interface: ui::mojom::GpuMain
[0905/224553.549:WARNING:spdy_session.cc(2276)] Received HEADERS for invalid stream 1
[0905/224650.406:ERROR:child_thread_impl.cc(762)] Request for unknown Channel-associated interface: ui::mojom::GpuMain
[0905/224704.988:WARNING:spdy_session.cc(2276)] Received HEADERS for invalid stream 19
[0905/224705.588:WARNING:spdy_session.cc(2276)] Received HEADERS for invalid stream 25
[0905/224714.098:WARNING:quota_manager.cc(1833)] Create directory failed for path
[0905/224714.099:WARNING:quota_manager.cc(1833)] Create directory failed for path
[0905/224719.254:WARNING:spdy_session.cc(2276)] Received HEADERS for invalid stream 47
[0905/224722.409:WARNING:spdy_session.cc(2276)] Received HEADERS for invalid stream 49
[0905/224756.110:ERROR:child_thread_impl.cc(762)] Request for unknown Channel-associated interface: ui::mojom::GpuMain
[0905/224801.604:WARNING:spdy_session.cc(2276)] Received HEADERS for invalid stream 23
[0905/224809.190:WARNING:quota_manager.cc(1833)] Create directory failed for path
[0905/224809.191:WARNING:quota_manager.cc(1833)] Create directory failed for path
[0905/224931.702:WARNING:htmlmediaelement.cpp(1949)] currentPlaybackPosition readyState = 4 but no webMeidaPlayer to provide currentPlaybackPosition
[0905/225041.129:WARNING:spdy_session.cc(2276)] Received HEADERS for invalid stream 1
[0905/225232.817:ERROR:child_thread_impl.cc(762)] Request for unknown Channel-associated interface: ui::mojom::GpuMain
[0905/225344.944:ERROR:child_thread_impl.cc(762)] Request for unknown Channel-associated interface: ui::mojom::GpuMain
[0905/225352.528:WARNING:spdy_session.cc(2276)] Received HEADERS for invalid stream 15
[0905/225401.641:WARNING:quota_manager.cc(1833)] Create directory failed for path
[0905/225401.642:WARNING:quota_manager.cc(1833)] Create directory failed for path
[0905/225521.353:ERROR:child_thread_impl.cc(762)] Request for unknown Channel-associated interface: ui::mojom::GpuMain
[0905/225527.418:WARNING:spdy_session.cc(2276)] Received HEADERS for invalid stream 19
[0905/225527.677:WARNING:spdy_session.cc(2276)] Received HEADERS for invalid stream 23
[0905/225535.358:WARNING:quota_manager.cc(1833)] Create directory failed for path
[0905/225535.360:WARNING:quota_manager.cc(1833)] Create directory failed for path
[0905/233948.345:ERROR:child_thread_impl.cc(762)] Request for unknown Channel-associated interface: ui::mojom::GpuMain
[0905/233954.468:WARNING:spdy_session.cc(2276)] Received HEADERS for invalid stream 11
[0905/234003.203:WARNING:quota_manager.cc(1833)] Create directory failed for path
[0905/234003.204:WARNING:quota_manager.cc(1833)] Create directory failed for path
[0906/182129.435:ERROR:child_thread_impl.cc(762)] Request for unknown Channel-associated interface: ui::mojom::GpuMain
[0907/002444.673:ERROR:child_thread_impl.cc(762)] Request for unknown Channel-associated interface: ui::mojom::GpuMain
[0907/002505.780:WARNING:spdy_session.cc(2276)] Received HEADERS for invalid stream 15
[0907/002516.331:WARNING:quota_manager.cc(1833)] Create directory failed for path
[0907/002516.347:WARNING:quota_manager.cc(1833)] Create directory failed for path
[0924/160442.309:ERROR:child_thread_impl.cc(762)] Request for unknown Channel-associated interface: ui::mojom::GpuMain
[1029/165501.058:ERROR:child_thread_impl.cc(762)] Request for unknown Channel-associated interface: ui::mojom::GpuMain
